[ุงุทูุงุนุงุช ] - 2025-10-05 00:47:00 - ==================================================
[ุงุทูุงุนุงุช ] - 2025-10-05 00:47:00 - ุงุณฺฉุฑูพุช ุฌูุนโุขูุฑ ู ุฏุณุชูโุจูุฏ ฺฉุงููฺฏโูุง ุดุฑูุน ุจู ฺฉุงุฑ ฺฉุฑุฏ
[ุงุทูุงุนุงุช ] - 2025-10-05 00:47:00 - ==================================================
[ุงุทูุงุนุงุช ] - 2025-10-05 00:47:00 - ุฏุฑุญุงู ุงุฑุณุงู ุฏุฑุฎูุงุณุช ุจู https://raw.githubusercontent.com/MatinGhanbari/v2ray-configs/main/subscriptions/v2ray/all_sub.txt ...
[ุงุทูุงุนุงุช ] - 2025-10-05 00:47:00 - ุฏุฑุญุงู ุงุฑุณุงู ุฏุฑุฎูุงุณุช ุจู https://raw.githubusercontent.com/arshiacomplus/v2rayExtractor/refs/heads/main/mix/sub.html ...
[ุงุทูุงุนุงุช ] - 2025-10-05 00:47:00 - ุฏุฑุญุงู ุงุฑุณุงู ุฏุฑุฎูุงุณุช ุจู https://raw.githubusercontent.com/lagzian/SS-Collector/refs/heads/main/SS/TrinityBase ...
[ุงุทูุงุนุงุช ] - 2025-10-05 00:47:00 - ุฏุฑุญุงู ุงุฑุณุงู ุฏุฑุฎูุงุณุช ุจู https://raw.githubusercontent.com/hamedcode/port-based-v2ray-configs/refs/heads/main/sub/vless.txt ...
[ุงุทูุงุนุงุช ] - 2025-10-05 00:47:00 - ุฏุฑุญุงู ุงุฑุณุงู ุฏุฑุฎูุงุณุช ุจู https://raw.githubusercontent.com/DiDiten/HiN-VPN/main/subscription/normal/mix ...
[ุงุทูุงุนุงุช ] - 2025-10-05 00:47:00 - ุฏุฑุญุงู ุงุฑุณุงู ุฏุฑุฎูุงุณุช ุจู https://raw.githubusercontent.com/darkvpnapp/CloudflarePlus/refs/heads/main/proxy ...
[ุงุทูุงุนุงุช ] - 2025-10-05 00:47:00 - ุฏุฑุญุงู ุงุฑุณุงู ุฏุฑุฎูุงุณุช ุจู https://raw.githubusercontent.com/arshiacomplus/robinhood-v1-v2-v3ray/refs/heads/main/conf.txt ...
[ุงุทูุงุนุงุช ] - 2025-10-05 00:47:00 - ุฏุฑุญุงู ุงุฑุณุงู ุฏุฑุฎูุงุณุช ุจู https://raw.githubusercontent.com/nscl5/5/refs/heads/main/configs/shadowsocks.txt ...
[ุงุทูุงุนุงุช ] - 2025-10-05 00:47:00 - ุฏุฑุญุงู ุงุฑุณุงู ุฏุฑุฎูุงุณุช ุจู https://raw.githubusercontent.com/Surfboardv2ray/Proxy-sorter/refs/heads/main/custom/mahsa.txt ...
[ุงุทูุงุนุงุช ] - 2025-10-05 00:47:00 - ุฏุฑุญุงู ุงุฑุณุงู ุฏุฑุฎูุงุณุช ุจู https://raw.githubusercontent.com/Surfboardv2ray/Proxy-sorter/main/output/US.txt ...
[ุงุทูุงุนุงุช ] - 2025-10-05 00:47:00 - ุฏุฑุญุงู ุงุฑุณุงู ุฏุฑุฎูุงุณุช ุจู https://raw.githubusercontent.com/Surfboardv2ray/Proxy-sorter/refs/heads/main/output/US.txt ...
[ุงุทูุงุนุงุช ] - 2025-10-05 00:47:00 - ุฏุฑุญุงู ุงุฑุณุงู ุฏุฑุฎูุงุณุช ุจู https://raw.githubusercontent.com/arshiacomplus/v2rayExtractor/refs/heads/main/mix/sub.html ...
[ุงุทูุงุนุงุช ] - 2025-10-05 00:47:00 - ุฏุฑุญุงู ุงุฑุณุงู ุฏุฑุฎูุงุณุช ุจู https://raw.githubusercontent.com/Rayan-Config/C-Sub/refs/heads/main/configs/proxy.txt ...
[ุงุทูุงุนุงุช ] - 2025-10-05 00:47:00 - ุฏุฑุญุงู ุงุฑุณุงู ุฏุฑุฎูุงุณุช ุจู https://raw.githubusercontent.com/mahdibland/ShadowsocksAggregator/master/Eternity.txt ...
[ุงุทูุงุนุงุช ] - 2025-10-05 00:47:00 - ุฏุฑุญุงู ุงุฑุณุงู ุฏุฑุฎูุงุณุช ุจู https://raw.githubusercontent.com/MahsaNetConfigTopic/config/refs/heads/main/xray_final.txt ...
[ุงุทูุงุนุงุช ] - 2025-10-05 00:47:00 - ุฏุฑุญุงู ุงุฑุณุงู ุฏุฑุฎูุงุณุช ุจู https://raw.githubusercontent.com/DiDiten/HiN-VPN/main/subscription/base64/mix ...
[ุงุทูุงุนุงุช ] - 2025-10-05 00:47:00 - ุฏุฑุญุงู ุงุฑุณุงู ุฏุฑุฎูุงุณุช ุจู https://github.com/Epodonios/v2ray-configs/raw/main/All_Configs_base64_Sub.txt ...
[ุงุทูุงุนุงุช ] - 2025-10-05 00:47:00 - ุฏุฑุญุงู ุงุฑุณุงู ุฏุฑุฎูุงุณุช ุจู https://raw.githubusercontent.com/MatinGhanbari/v2ray-configs/main/subscriptions/v2ray/super-sub.txt ...
[ุงุทูุงุนุงุช ] - 2025-10-05 00:47:00 - ุฏุฑุญุงู ุงุฑุณุงู ุฏุฑุฎูุงุณุช ุจู https://robin.victoriacross.ir ...
[ุงุทูุงุนุงุช ] - 2025-10-05 00:47:00 - ุฏุฑุญุงู ุงุฑุณุงู ุฏุฑุฎูุงุณุช ุจู https://raw.githubusercontent.com/mahdibland/ShadowsocksAggregator/master/Eternity ...
[ุงุทูุงุนุงุช ] - 2025-10-05 00:47:00 - ุฏุฑุญุงู ุงุฑุณุงู ุฏุฑุฎูุงุณุช ุจู https://raw.githubusercontent.com/Epodonios/v2ray-configs/refs/heads/main/Splitted-By-Protocol/ss.txt ...
[ุงุทูุงุนุงุช ] - 2025-10-05 00:47:00 - ุฏุฑุญุงู ุงุฑุณุงู ุฏุฑุฎูุงุณุช ุจู https://raw.githubusercontent.com/Surfboardv2ray/Proxy-sorter/refs/heads/main/submerge/US.txt ...
[ุงุทูุงุนุงุช ] - 2025-10-05 00:47:00 - ูุญุชูุง ูุชู ุงุฒ https://raw.githubusercontent.com/arshiacomplus/v2rayExtractor/refs/heads/main/mix/sub.html ุจุง ููููุช ุงุณุชุฎุฑุงุฌ ุดุฏ.
[ุงุทูุงุนุงุช ] - 2025-10-05 00:47:00 - ูุญุชูุง ูุชู ุงุฒ https://raw.githubusercontent.com/MatinGhanbari/v2ray-configs/main/subscriptions/v2ray/all_sub.txt ุจุง ููููุช ุงุณุชุฎุฑุงุฌ ุดุฏ.
[ุงุทูุงุนุงุช ] - 2025-10-05 00:47:00 - ูุญุชูุง ูุชู ุงุฒ https://raw.githubusercontent.com/darkvpnapp/CloudflarePlus/refs/heads/main/proxy ุจุง ููููุช ุงุณุชุฎุฑุงุฌ ุดุฏ.
[ุงุทูุงุนุงุช ] - 2025-10-05 00:47:00 - ูุญุชูุง Base64 ุงุฒ https://raw.githubusercontent.com/mahdibland/ShadowsocksAggregator/master/Eternity ุจุง ููููุช ุฏฺฉูุฏ ุดุฏ.
[ุงุทูุงุนุงุช ] - 2025-10-05 00:47:00 - ูุญุชูุง Base64 ุงุฒ https://raw.githubusercontent.com/MatinGhanbari/v2ray-configs/main/subscriptions/v2ray/super-sub.txt ุจุง ููููุช ุฏฺฉูุฏ ุดุฏ.
[ุงุทูุงุนุงุช ] - 2025-10-05 00:47:00 - ูุญุชูุง ูุชู ุงุฒ https://raw.githubusercontent.com/arshiacomplus/v2rayExtractor/refs/heads/main/mix/sub.html ุจุง ููููุช ุงุณุชุฎุฑุงุฌ ุดุฏ.
[ุงุทูุงุนุงุช ] - 2025-10-05 00:47:00 - ูุญุชูุง ูุชู ุงุฒ https://raw.githubusercontent.com/Rayan-Config/C-Sub/refs/heads/main/configs/proxy.txt ุจุง ููููุช ุงุณุชุฎุฑุงุฌ ุดุฏ.
[ุงุทูุงุนุงุช ] - 2025-10-05 00:47:00 - ูุญุชูุง Base64 ุงุฒ https://raw.githubusercontent.com/Epodonios/v2ray-configs/refs/heads/main/Splitted-By-Protocol/ss.txt ุจุง ููููุช ุฏฺฉูุฏ ุดุฏ.
[ุงุทูุงุนุงุช ] - 2025-10-05 00:47:00 - ูุญุชูุง ูุชู ุงุฒ https://raw.githubusercontent.com/arshiacomplus/robinhood-v1-v2-v3ray/refs/heads/main/conf.txt ุจุง ููููุช ุงุณุชุฎุฑุงุฌ ุดุฏ.
[ุงุทูุงุนุงุช ] - 2025-10-05 00:47:00 - ูุญุชูุง ูุชู ุงุฒ https://raw.githubusercontent.com/Surfboardv2ray/Proxy-sorter/refs/heads/main/custom/mahsa.txt ุจุง ููููุช ุงุณุชุฎุฑุงุฌ ุดุฏ.
[ุงุทูุงุนุงุช ] - 2025-10-05 00:47:00 - ูุญุชูุง ูุชู ุงุฒ https://raw.githubusercontent.com/Surfboardv2ray/Proxy-sorter/main/output/US.txt ุจุง ููููุช ุงุณุชุฎุฑุงุฌ ุดุฏ.
[ุงุทูุงุนุงุช ] - 2025-10-05 00:47:00 - ูุญุชูุง ูุชู ุงุฒ https://raw.githubusercontent.com/mahdibland/ShadowsocksAggregator/master/Eternity.txt ุจุง ููููุช ุงุณุชุฎุฑุงุฌ ุดุฏ.
[ุงุทูุงุนุงุช ] - 2025-10-05 00:47:00 - ูุญุชูุง ูุชู ุงุฒ https://raw.githubusercontent.com/DiDiten/HiN-VPN/main/subscription/normal/mix ุจุง ููููุช ุงุณุชุฎุฑุงุฌ ุดุฏ.
[ุงุทูุงุนุงุช ] - 2025-10-05 00:47:00 - ูุญุชูุง ูุชู ุงุฒ https://raw.githubusercontent.com/MahsaNetConfigTopic/config/refs/heads/main/xray_final.txt ุจุง ููููุช ุงุณุชุฎุฑุงุฌ ุดุฏ.
[ุงุทูุงุนุงุช ] - 2025-10-05 00:47:00 - ูุญุชูุง ูุชู ุงุฒ https://raw.githubusercontent.com/nscl5/5/refs/heads/main/configs/shadowsocks.txt ุจุง ููููุช ุงุณุชุฎุฑุงุฌ ุดุฏ.
[ุงุทูุงุนุงุช ] - 2025-10-05 00:47:00 - ูุญุชูุง ูุชู ุงุฒ https://raw.githubusercontent.com/Surfboardv2ray/Proxy-sorter/refs/heads/main/output/US.txt ุจุง ููููุช ุงุณุชุฎุฑุงุฌ ุดุฏ.
[ุงุทูุงุนุงุช ] - 2025-10-05 00:47:00 - ูุญุชูุง ูุชู ุงุฒ https://raw.githubusercontent.com/lagzian/SS-Collector/refs/heads/main/SS/TrinityBase ุจุง ููููุช ุงุณุชุฎุฑุงุฌ ุดุฏ.
[ุงุทูุงุนุงุช ] - 2025-10-05 00:47:00 - ูุญุชูุง Base64 ุงุฒ https://raw.githubusercontent.com/Surfboardv2ray/Proxy-sorter/refs/heads/main/submerge/US.txt ุจุง ููููุช ุฏฺฉูุฏ ุดุฏ.
[ุงุทูุงุนุงุช ] - 2025-10-05 00:47:00 - ูุญุชูุง Base64 ุงุฒ https://raw.githubusercontent.com/DiDiten/HiN-VPN/main/subscription/base64/mix ุจุง ููููุช ุฏฺฉูุฏ ุดุฏ.
[ุงุทูุงุนุงุช ] - 2025-10-05 00:47:00 - ูุญุชูุง ูุชู ุงุฒ https://raw.githubusercontent.com/hamedcode/port-based-v2ray-configs/refs/heads/main/sub/vless.txt ุจุง ููููุช ุงุณุชุฎุฑุงุฌ ุดุฏ.
[ุงุทูุงุนุงุช ] - 2025-10-05 00:47:00 - ูุญุชูุง Base64 ุงุฒ https://robin.victoriacross.ir ุจุง ููููุช ุฏฺฉูุฏ ุดุฏ.
[ุงุทูุงุนุงุช ] - 2025-10-05 00:47:01 - ูุญุชูุง Base64 ุงุฒ https://github.com/Epodonios/v2ray-configs/raw/main/All_Configs_base64_Sub.txt ุจุง ููููุช ุฏฺฉูุฏ ุดุฏ.
[ุงุทูุงุนุงุช ] - 2025-10-05 00:47:01 - --- ุดุฑูุน ุชุญูู ู ุชุฌูุน ูุชุงุฌ ---
[ุงุทูุงุนุงุช ] - 2025-10-05 00:47:02 - ๐ ุขูุงุฑ ุจุฑุง https://raw.githubusercontent.com/MatinGhanbari/v2ray-configs/main/subscriptions/v2ray/all_sub.txt -> ฺฉู: 5682, ุงุฑุงู: 8, [Vmess: 1754, Vless: 58, Trojan: 432, ShadowSocks: 3418, ShadowSocksR: 20]
[ุงุทูุงุนุงุช ] - 2025-10-05 00:47:02 - ๐ ุขูุงุฑ ุจุฑุง https://raw.githubusercontent.com/arshiacomplus/v2rayExtractor/refs/heads/main/mix/sub.html -> ฺฉู: 977, ุงุฑุงู: 0, [Vmess: 39, Vless: 419, Trojan: 7, ShadowSocks: 501, Hysteria2: 11]
[ุงุทูุงุนุงุช ] - 2025-10-05 00:47:02 - ๐ ุขูุงุฑ ุจุฑุง https://raw.githubusercontent.com/lagzian/SS-Collector/refs/heads/main/SS/TrinityBase -> ฺฉู: 2029, ุงุฑุงู: 0, [ShadowSocks: 2029]
[ุงุทูุงุนุงุช ] - 2025-10-05 00:47:04 - ๐ ุขูุงุฑ ุจุฑุง https://raw.githubusercontent.com/hamedcode/port-based-v2ray-configs/refs/heads/main/sub/vless.txt -> ฺฉู: 15498, ุงุฑุงู: 574, [Vless: 7749, ShadowSocks: 7749]
[ุงุทูุงุนุงุช ] - 2025-10-05 00:47:04 - ๐ ุขูุงุฑ ุจุฑุง https://raw.githubusercontent.com/DiDiten/HiN-VPN/main/subscription/normal/mix -> ฺฉู: 1464, ุงุฑุงู: 6, [Vmess: 61, Vless: 641, Trojan: 24, ShadowSocks: 738]
[ุงุทูุงุนุงุช ] - 2025-10-05 00:47:04 - ๐ ุขูุงุฑ ุจุฑุง https://raw.githubusercontent.com/darkvpnapp/CloudflarePlus/refs/heads/main/proxy -> ฺฉู: 138, ุงุฑุงู: 0, [Vmess: 9, Vless: 59, ShadowSocks: 70]
[ุงุทูุงุนุงุช ] - 2025-10-05 00:47:04 - ๐ ุขูุงุฑ ุจุฑุง https://raw.githubusercontent.com/arshiacomplus/robinhood-v1-v2-v3ray/refs/heads/main/conf.txt -> ฺฉู: 15, ุงุฑุงู: 0, [ShadowSocks: 15]
[ุงุทูุงุนุงุช ] - 2025-10-05 00:47:04 - ๐ ุขูุงุฑ ุจุฑุง https://raw.githubusercontent.com/nscl5/5/refs/heads/main/configs/shadowsocks.txt -> ฺฉู: 106, ุงุฑุงู: 0, [ShadowSocks: 106]
[ุงุทูุงุนุงุช ] - 2025-10-05 00:47:04 - ๐ ุขูุงุฑ ุจุฑุง https://raw.githubusercontent.com/Surfboardv2ray/Proxy-sorter/refs/heads/main/custom/mahsa.txt -> ฺฉู: 235, ุงุฑุงู: 0, [Vmess: 5, Vless: 108, Trojan: 3, ShadowSocks: 119]
[ุงุทูุงุนุงุช ] - 2025-10-05 00:47:04 - ๐ ุขูุงุฑ ุจุฑุง https://raw.githubusercontent.com/Surfboardv2ray/Proxy-sorter/main/output/US.txt -> ฺฉู: 1316, ุงุฑุงู: 0, [Vless: 658, ShadowSocks: 658]
[ุงุทูุงุนุงุช ] - 2025-10-05 00:47:04 - ๐ ุขูุงุฑ ุจุฑุง https://raw.githubusercontent.com/Surfboardv2ray/Proxy-sorter/refs/heads/main/output/US.txt -> ฺฉู: 1316, ุงุฑุงู: 0, [Vless: 658, ShadowSocks: 658]
[ุงุทูุงุนุงุช ] - 2025-10-05 00:47:04 - ๐ ุขูุงุฑ ุจุฑุง https://raw.githubusercontent.com/arshiacomplus/v2rayExtractor/refs/heads/main/mix/sub.html -> ฺฉู: 977, ุงุฑุงู: 0, [Vmess: 39, Vless: 419, Trojan: 7, ShadowSocks: 501, Hysteria2: 11]
[ุงุทูุงุนุงุช ] - 2025-10-05 00:47:04 - ๐ ุขูุงุฑ ุจุฑุง https://raw.githubusercontent.com/Rayan-Config/C-Sub/refs/heads/main/configs/proxy.txt -> ฺฉู: 222, ุงุฑุงู: 0, [Vmess: 47, Vless: 61, ShadowSocks: 114]
[ุงุทูุงุนุงุช ] - 2025-10-05 00:47:04 - ๐ ุขูุงุฑ ุจุฑุง https://raw.githubusercontent.com/mahdibland/ShadowsocksAggregator/master/Eternity.txt -> ฺฉู: 286, ุงุฑุงู: 0, [Vmess: 86, ShadowSocks: 198, ShadowSocksR: 2]
[ุงุทูุงุนุงุช ] - 2025-10-05 00:47:04 - ๐ ุขูุงุฑ ุจุฑุง https://raw.githubusercontent.com/MahsaNetConfigTopic/config/refs/heads/main/xray_final.txt -> ฺฉู: 484, ุงุฑุงู: 4, [Vmess: 24, Vless: 206, Trojan: 5, ShadowSocks: 249]
[ุงุทูุงุนุงุช ] - 2025-10-05 00:47:04 - ๐ ุขูุงุฑ ุจุฑุง https://raw.githubusercontent.com/DiDiten/HiN-VPN/main/subscription/base64/mix -> ฺฉู: 1464, ุงุฑุงู: 6, [Vmess: 61, Vless: 641, Trojan: 24, ShadowSocks: 738]
[ุงุทูุงุนุงุช ] - 2025-10-05 00:47:07 - ๐ ุขูุงุฑ ุจุฑุง https://github.com/Epodonios/v2ray-configs/raw/main/All_Configs_base64_Sub.txt -> ฺฉู: 16759, ุงุฑุงู: 708, [Vmess: 720, Vless: 7112, Trojan: 210, ShadowSocks: 8684, ShadowSocksR: 4, Tuic: 1, Hysteria2: 28]
[ุงุทูุงุนุงุช ] - 2025-10-05 00:47:07 - ๐ ุขูุงุฑ ุจุฑุง https://raw.githubusercontent.com/MatinGhanbari/v2ray-configs/main/subscriptions/v2ray/super-sub.txt -> ฺฉู: 282, ุงุฑุงู: 0, [Vmess: 82, Vless: 4, Trojan: 26, ShadowSocks: 169, ShadowSocksR: 1]
[ุงุทูุงุนุงุช ] - 2025-10-05 00:47:07 - ๐ ุขูุงุฑ ุจุฑุง https://robin.victoriacross.ir -> ฺฉู: 1873, ุงุฑุงู: 2, [Vmess: 142, Vless: 539, ShadowSocks: 1190, ShadowSocksR: 2]
[ุงุทูุงุนุงุช ] - 2025-10-05 00:47:07 - ๐ ุขูุงุฑ ุจุฑุง https://raw.githubusercontent.com/mahdibland/ShadowsocksAggregator/master/Eternity -> ฺฉู: 286, ุงุฑุงู: 0, [Vmess: 86, ShadowSocks: 198, ShadowSocksR: 2]
[ุงุทูุงุนุงุช ] - 2025-10-05 00:47:07 - ๐ ุขูุงุฑ ุจุฑุง https://raw.githubusercontent.com/Epodonios/v2ray-configs/refs/heads/main/Splitted-By-Protocol/ss.txt -> ฺฉู: 845, ุงุฑุงู: 87, [Trojan: 1, ShadowSocks: 840, ShadowSocksR: 4]
[ุงุทูุงุนุงุช ] - 2025-10-05 00:47:07 - ๐ ุขูุงุฑ ุจุฑุง https://raw.githubusercontent.com/Surfboardv2ray/Proxy-sorter/refs/heads/main/submerge/US.txt -> ฺฉู: 1316, ุงุฑุงู: 0, [Vless: 658, ShadowSocks: 658]
[ุงุทูุงุนุงุช ] - 2025-10-05 00:47:07 - --- ุดุฑูุน ุฐุฎุฑูโุณุงุฒ ูุงูโูุง ---
[ุงุทูุงุนุงุช ] - 2025-10-05 00:47:07 - ูพูุดู ูุฏู output_configs ุจุง ููููุช ุญุฐู ุดุฏ.
[ุงุทูุงุนุงุช ] - 2025-10-05 00:47:07 - ูพูุดู output_configs ุจุง ููููุช ุงุฌุงุฏ ุดุฏ.
[ุงุทูุงุนุงุช ] - 2025-10-05 00:47:07 - ูพูุดู ูุฏู output_base64_countries ุจุง ููููุช ุญุฐู ุดุฏ.
[ุงุทูุงุนุงุช ] - 2025-10-05 00:47:07 - ูพูุดู output_base64_countries ุจุง ููููุช ุงุฌุงุฏ ุดุฏ.
[ุงุทูุงุนุงุช ] - 2025-10-05 00:47:07 - ุชุนุฏุงุฏ 2472 ฺฉุงููฺฏ ุฏุฑ ูุงู output_configs/Vmess.txt ุฐุฎุฑู ุดุฏ.
[ุงุทูุงุนุงุช ] - 2025-10-05 00:47:07 - ุชุนุฏุงุฏ 9197 ฺฉุงููฺฏ ุฏุฑ ูุงู output_configs/Vless.txt ุฐุฎุฑู ุดุฏ.
[ุงุทูุงุนุงุช ] - 2025-10-05 00:47:07 - ุชุนุฏุงุฏ 671 ฺฉุงููฺฏ ุฏุฑ ูุงู output_configs/Trojan.txt ุฐุฎุฑู ุดุฏ.
[ุงุทูุงุนุงุช ] - 2025-10-05 00:47:07 - ุชุนุฏุงุฏ 16704 ฺฉุงููฺฏ ุฏุฑ ูุงู output_configs/ShadowSocks.txt ุฐุฎุฑู ุดุฏ.
[ุงุทูุงุนุงุช ] - 2025-10-05 00:47:07 - ุชุนุฏุงุฏ 20 ฺฉุงููฺฏ ุฏุฑ ูุงู output_configs/ShadowSocksR.txt ุฐุฎุฑู ุดุฏ.
[ุงุทูุงุนุงุช ] - 2025-10-05 00:47:07 - ุชุนุฏุงุฏ 1 ฺฉุงููฺฏ ุฏุฑ ูุงู output_configs/Tuic.txt ุฐุฎุฑู ุดุฏ.
[ุงุทูุงุนุงุช ] - 2025-10-05 00:47:07 - ุชุนุฏุงุฏ 28 ฺฉุงููฺฏ ุฏุฑ ูุงู output_configs/Hysteria2.txt ุฐุฎุฑู ุดุฏ.
[ุงุทูุงุนุงุช ] - 2025-10-05 00:47:07 - ุชุนุฏุงุฏ 3997 ฺฉุงููฺฏ ุฏุฑ ูุงู output_configs/USA.txt ุฐุฎุฑู ุดุฏ.
[ุงุทูุงุนุงุช ] - 2025-10-05 00:47:07 - ุฎุฑูุฌ Base64 ุจุฑุง 3997 ฺฉุงููฺฏ ุฏุฑ ูุงู output_base64_countries/USA.txt ุฐุฎุฑู ุดุฏ.
[ุงุทูุงุนุงุช ] - 2025-10-05 00:47:07 - ุชุนุฏุงุฏ 20 ฺฉุงููฺฏ ุฏุฑ ูุงู output_configs/Afghanistan.txt ุฐุฎุฑู ุดุฏ.
[ุงุทูุงุนุงุช ] - 2025-10-05 00:47:07 - ุฎุฑูุฌ Base64 ุจุฑุง 20 ฺฉุงููฺฏ ุฏุฑ ูุงู output_base64_countries/Afghanistan.txt ุฐุฎุฑู ุดุฏ.
[ุงุทูุงุนุงุช ] - 2025-10-05 00:47:07 - ุชุนุฏุงุฏ 760 ฺฉุงููฺฏ ุฏุฑ ูุงู output_configs/Albania.txt ุฐุฎุฑู ุดุฏ.
[ุงุทูุงุนุงุช ] - 2025-10-05 00:47:07 - ุฎุฑูุฌ Base64 ุจุฑุง 760 ฺฉุงููฺฏ ุฏุฑ ูุงู output_base64_countries/Albania.txt ุฐุฎุฑู ุดุฏ.
[ุงุทูุงุนุงุช ] - 2025-10-05 00:47:07 - ุชุนุฏุงุฏ 340 ฺฉุงููฺฏ ุฏุฑ ูุงู output_configs/Andorra.txt ุฐุฎุฑู ุดุฏ.
[ุงุทูุงุนุงุช ] - 2025-10-05 00:47:07 - ุฎุฑูุฌ Base64 ุจุฑุง 340 ฺฉุงููฺฏ ุฏุฑ ูุงู output_base64_countries/Andorra.txt ุฐุฎุฑู ุดุฏ.
[ุงุทูุงุนุงุช ] - 2025-10-05 00:47:07 - ุชุนุฏุงุฏ 31 ฺฉุงููฺฏ ุฏุฑ ูุงู output_configs/Angola.txt ุฐุฎุฑู ุดุฏ.
[ุงุทูุงุนุงุช ] - 2025-10-05 00:47:07 - ุฎุฑูุฌ Base64 ุจุฑุง 31 ฺฉุงููฺฏ ุฏุฑ ูุงู output_base64_countries/Angola.txt ุฐุฎุฑู ุดุฏ.
[ุงุทูุงุนุงุช ] - 2025-10-05 00:47:07 - ุชุนุฏุงุฏ 14 ฺฉุงููฺฏ ุฏุฑ ูุงู output_configs/AntiguaAndBarbuda.txt ุฐุฎุฑู ุดุฏ.
[ุงุทูุงุนุงุช ] - 2025-10-05 00:47:07 - ุฎุฑูุฌ Base64 ุจุฑุง 14 ฺฉุงููฺฏ ุฏุฑ ูุงู output_base64_countries/AntiguaAndBarbuda.txt ุฐุฎุฑู ุดุฏ.
[ุงุทูุงุนุงุช ] - 2025-10-05 00:47:07 - ุชุนุฏุงุฏ 413 ฺฉุงููฺฏ ุฏุฑ ูุงู output_configs/Argentina.txt ุฐุฎุฑู ุดุฏ.
[ุงุทูุงุนุงุช ] - 2025-10-05 00:47:07 - ุฎุฑูุฌ Base64 ุจุฑุง 413 ฺฉุงููฺฏ ุฏุฑ ูุงู output_base64_countries/Argentina.txt ุฐุฎุฑู ุดุฏ.
[ุงุทูุงุนุงุช ] - 2025-10-05 00:47:07 - ุชุนุฏุงุฏ 1366 ฺฉุงููฺฏ ุฏุฑ ูุงู output_configs/Armenia.txt ุฐุฎุฑู ุดุฏ.
[ุงุทูุงุนุงุช ] - 2025-10-05 00:47:07 - ุฎุฑูุฌ Base64 ุจุฑุง 1366 ฺฉุงููฺฏ ุฏุฑ ูุงู output_base64_countries/Armenia.txt ุฐุฎุฑู ุดุฏ.
[ุงุทูุงุนุงุช ] - 2025-10-05 00:47:07 - ุชุนุฏุงุฏ 43 ฺฉุงููฺฏ ุฏุฑ ูุงู output_configs/Australia.txt ุฐุฎุฑู ุดุฏ.
[ุงุทูุงุนุงุช ] - 2025-10-05 00:47:07 - ุฎุฑูุฌ Base64 ุจุฑุง 43 ฺฉุงููฺฏ ุฏุฑ ูุงู output_base64_countries/Australia.txt ุฐุฎุฑู ุดุฏ.
[ุงุทูุงุนุงุช ] - 2025-10-05 00:47:07 - ุชุนุฏุงุฏ 1063 ฺฉุงููฺฏ ุฏุฑ ูุงู output_configs/Austria.txt ุฐุฎุฑู ุดุฏ.
[ุงุทูุงุนุงุช ] - 2025-10-05 00:47:07 - ุฎุฑูุฌ Base64 ุจุฑุง 1063 ฺฉุงููฺฏ ุฏุฑ ูุงู output_base64_countries/Austria.txt ุฐุฎุฑู ุดุฏ.
[ุงุทูุงุนุงุช ] - 2025-10-05 00:47:07 - ุชุนุฏุงุฏ 253 ฺฉุงููฺฏ ุฏุฑ ูุงู output_configs/Azerbaijan.txt ุฐุฎุฑู ุดุฏ.
[ุงุทูุงุนุงุช ] - 2025-10-05 00:47:07 - ุฎุฑูุฌ Base64 ุจุฑุง 253 ฺฉุงููฺฏ ุฏุฑ ูุงู output_base64_countries/Azerbaijan.txt ุฐุฎุฑู ุดุฏ.
[ุงุทูุงุนุงุช ] - 2025-10-05 00:47:07 - ุชุนุฏุงุฏ 1 ฺฉุงููฺฏ ุฏุฑ ูุงู output_configs/Bahrain.txt ุฐุฎุฑู ุดุฏ.
[ุงุทูุงุนุงุช ] - 2025-10-05 00:47:07 - ุฎุฑูุฌ Base64 ุจุฑุง 1 ฺฉุงููฺฏ ุฏุฑ ูุงู output_base64_countries/Bahrain.txt ุฐุฎุฑู ุดุฏ.
[ุงุทูุงุนุงุช ] - 2025-10-05 00:47:07 - ุชุนุฏุงุฏ 6 ฺฉุงููฺฏ ุฏุฑ ูุงู output_configs/Barbados.txt ุฐุฎุฑู ุดุฏ.
[ุงุทูุงุนุงุช ] - 2025-10-05 00:47:07 - ุฎุฑูุฌ Base64 ุจุฑุง 6 ฺฉุงููฺฏ ุฏุฑ ูุงู output_base64_countries/Barbados.txt ุฐุฎุฑู ุดุฏ.
[ุงุทูุงุนุงุช ] - 2025-10-05 00:47:07 - ุชุนุฏุงุฏ 259 ฺฉุงููฺฏ ุฏุฑ ูุงู output_configs/Belarus.txt ุฐุฎุฑู ุดุฏ.
[ุงุทูุงุนุงุช ] - 2025-10-05 00:47:07 - ุฎุฑูุฌ Base64 ุจุฑุง 259 ฺฉุงููฺฏ ุฏุฑ ูุงู output_base64_countries/Belarus.txt ุฐุฎุฑู ุดุฏ.
[ุงุทูุงุนุงุช ] - 2025-10-05 00:47:07 - ุชุนุฏุงุฏ 38 ฺฉุงููฺฏ ุฏุฑ ูุงู output_configs/Belgium.txt ุฐุฎุฑู ุดุฏ.
[ุงุทูุงุนุงุช ] - 2025-10-05 00:47:07 - ุฎุฑูุฌ Base64 ุจุฑุง 38 ฺฉุงููฺฏ ุฏุฑ ูุงู output_base64_countries/Belgium.txt ุฐุฎุฑู ุดุฏ.
[ุงุทูุงุนุงุช ] - 2025-10-05 00:47:07 - ุชุนุฏุงุฏ 2 ฺฉุงููฺฏ ุฏุฑ ูุงู output_configs/Belize.txt ุฐุฎุฑู ุดุฏ.
[ุงุทูุงุนุงุช ] - 2025-10-05 00:47:07 - ุฎุฑูุฌ Base64 ุจุฑุง 2 ฺฉุงููฺฏ ุฏุฑ ูุงู output_base64_countries/Belize.txt ุฐุฎุฑู ุดุฏ.
[ุงุทูุงุนุงุช ] - 2025-10-05 00:47:07 - ุชุนุฏุงุฏ 425 ฺฉุงููฺฏ ุฏุฑ ูุงู output_configs/Bolivia.txt ุฐุฎุฑู ุดุฏ.
[ุงุทูุงุนุงุช ] - 2025-10-05 00:47:07 - ุฎุฑูุฌ Base64 ุจุฑุง 425 ฺฉุงููฺฏ ุฏุฑ ูุงู output_base64_countries/Bolivia.txt ุฐุฎุฑู ุดุฏ.
[ุงุทูุงุนุงุช ] - 2025-10-05 00:47:07 - ุชุนุฏุงุฏ 9 ฺฉุงููฺฏ ุฏุฑ ูุงู output_configs/BosniaAndHerzegovina.txt ุฐุฎุฑู ุดุฏ.
[ุงุทูุงุนุงุช ] - 2025-10-05 00:47:07 - ุฎุฑูุฌ Base64 ุจุฑุง 9 ฺฉุงููฺฏ ุฏุฑ ูุงู output_base64_countries/BosniaAndHerzegovina.txt ุฐุฎุฑู ุดุฏ.
[ุงุทูุงุนุงุช ] - 2025-10-05 00:47:07 - ุชุนุฏุงุฏ 22 ฺฉุงููฺฏ ุฏุฑ ูุงู output_configs/Brazil.txt ุฐุฎุฑู ุดุฏ.
[ุงุทูุงุนุงุช ] - 2025-10-05 00:47:07 - ุฎุฑูุฌ Base64 ุจุฑุง 22 ฺฉุงููฺฏ ุฏุฑ ูุงู output_base64_countries/Brazil.txt ุฐุฎุฑู ุดุฏ.
[ุงุทูุงุนุงุช ] - 2025-10-05 00:47:07 - ุชุนุฏุงุฏ 37 ฺฉุงููฺฏ ุฏุฑ ูุงู output_configs/Bulgaria.txt ุฐุฎุฑู ุดุฏ.
[ุงุทูุงุนุงุช ] - 2025-10-05 00:47:07 - ุฎุฑูุฌ Base64 ุจุฑุง 37 ฺฉุงููฺฏ ุฏุฑ ูุงู output_base64_countries/Bulgaria.txt ุฐุฎุฑู ุดุฏ.
[ุงุทูุงุนุงุช ] - 2025-10-05 00:47:07 - ุชุนุฏุงุฏ 4 ฺฉุงููฺฏ ุฏุฑ ูุงู output_configs/BurkinaFaso.txt ุฐุฎุฑู ุดุฏ.
[ุงุทูุงุนุงุช ] - 2025-10-05 00:47:07 - ุฎุฑูุฌ Base64 ุจุฑุง 4 ฺฉุงููฺฏ ุฏุฑ ูุงู output_base64_countries/BurkinaFaso.txt ุฐุฎุฑู ุดุฏ.
[ุงุทูุงุนุงุช ] - 2025-10-05 00:47:07 - ุชุนุฏุงุฏ 121 ฺฉุงููฺฏ ุฏุฑ ูุงู output_configs/Burundi.txt ุฐุฎุฑู ุดุฏ.
[ุงุทูุงุนุงุช ] - 2025-10-05 00:47:07 - ุฎุฑูุฌ Base64 ุจุฑุง 121 ฺฉุงููฺฏ ุฏุฑ ูุงู output_base64_countries/Burundi.txt ุฐุฎุฑู ุดุฏ.
[ุงุทูุงุนุงุช ] - 2025-10-05 00:47:07 - ุชุนุฏุงุฏ 9 ฺฉุงููฺฏ ุฏุฑ ูุงู output_configs/Cambodia.txt ุฐุฎุฑู ุดุฏ.
[ุงุทูุงุนุงุช ] - 2025-10-05 00:47:07 - ุฎุฑูุฌ Base64 ุจุฑุง 9 ฺฉุงููฺฏ ุฏุฑ ูุงู output_base64_countries/Cambodia.txt ุฐุฎุฑู ุดุฏ.
[ุงุทูุงุนุงุช ] - 2025-10-05 00:47:07 - ุชุนุฏุงุฏ 1 ฺฉุงููฺฏ ุฏุฑ ูุงู output_configs/Cameroon.txt ุฐุฎุฑู ุดุฏ.
[ุงุทูุงุนุงุช ] - 2025-10-05 00:47:07 - ุฎุฑูุฌ Base64 ุจุฑุง 1 ฺฉุงููฺฏ ุฏุฑ ูุงู output_base64_countries/Cameroon.txt ุฐุฎุฑู ุดุฏ.
[ุงุทูุงุนุงุช ] - 2025-10-05 00:47:07 - ุชุนุฏุงุฏ 992 ฺฉุงููฺฏ ุฏุฑ ูุงู output_configs/Canada.txt ุฐุฎุฑู ุดุฏ.
[ุงุทูุงุนุงุช ] - 2025-10-05 00:47:07 - ุฎุฑูุฌ Base64 ุจุฑุง 992 ฺฉุงููฺฏ ุฏุฑ ูุงู output_base64_countries/Canada.txt ุฐุฎุฑู ุดุฏ.
[ุงุทูุงุนุงุช ] - 2025-10-05 00:47:07 - ุชุนุฏุงุฏ 217 ฺฉุงููฺฏ ุฏุฑ ูุงู output_configs/CentralAfricanRepublic.txt ุฐุฎุฑู ุดุฏ.
[ุงุทูุงุนุงุช ] - 2025-10-05 00:47:07 - ุฎุฑูุฌ Base64 ุจุฑุง 217 ฺฉุงููฺฏ ุฏุฑ ูุงู output_base64_countries/CentralAfricanRepublic.txt ุฐุฎุฑู ุดุฏ.
[ุงุทูุงุนุงุช ] - 2025-10-05 00:47:07 - ุชุนุฏุงุฏ 6 ฺฉุงููฺฏ ุฏุฑ ูุงู output_configs/Chad.txt ุฐุฎุฑู ุดุฏ.
[ุงุทูุงุนุงุช ] - 2025-10-05 00:47:07 - ุฎุฑูุฌ Base64 ุจุฑุง 6 ฺฉุงููฺฏ ุฏุฑ ูุงู output_base64_countries/Chad.txt ุฐุฎุฑู ุดุฏ.
[ุงุทูุงุนุงุช ] - 2025-10-05 00:47:07 - ุชุนุฏุงุฏ 60 ฺฉุงููฺฏ ุฏุฑ ูุงู output_configs/Chile.txt ุฐุฎุฑู ุดุฏ.
[ุงุทูุงุนุงุช ] - 2025-10-05 00:47:07 - ุฎุฑูุฌ Base64 ุจุฑุง 60 ฺฉุงููฺฏ ุฏุฑ ูุงู output_base64_countries/Chile.txt ุฐุฎุฑู ุดุฏ.
[ุงุทูุงุนุงุช ] - 2025-10-05 00:47:07 - ุชุนุฏุงุฏ 141 ฺฉุงููฺฏ ุฏุฑ ูุงู output_configs/China.txt ุฐุฎุฑู ุดุฏ.
[ุงุทูุงุนุงุช ] - 2025-10-05 00:47:07 - ุฎุฑูุฌ Base64 ุจุฑุง 141 ฺฉุงููฺฏ ุฏุฑ ูุงู output_base64_countries/China.txt ุฐุฎุฑู ุดุฏ.
[ุงุทูุงุนุงุช ] - 2025-10-05 00:47:07 - ุชุนุฏุงุฏ 2199 ฺฉุงููฺฏ ุฏุฑ ูุงู output_configs/Colombia.txt ุฐุฎุฑู ุดุฏ.
[ุงุทูุงุนุงุช ] - 2025-10-05 00:47:07 - ุฎุฑูุฌ Base64 ุจุฑุง 2199 ฺฉุงููฺฏ ุฏุฑ ูุงู output_base64_countries/Colombia.txt ุฐุฎุฑู ุดุฏ.
[ุงุทูุงุนุงุช ] - 2025-10-05 00:47:07 - ุชุนุฏุงุฏ 4 ฺฉุงููฺฏ ุฏุฑ ูุงู output_configs/CongoKinshasa.txt ุฐุฎุฑู ุดุฏ.
[ุงุทูุงุนุงุช ] - 2025-10-05 00:47:07 - ุฎุฑูุฌ Base64 ุจุฑุง 4 ฺฉุงููฺฏ ุฏุฑ ูุงู output_base64_countries/CongoKinshasa.txt ุฐุฎุฑู ุดุฏ.
[ุงุทูุงุนุงุช ] - 2025-10-05 00:47:07 - ุชุนุฏุงุฏ 7 ฺฉุงููฺฏ ุฏุฑ ูุงู output_configs/CostaRica.txt ุฐุฎุฑู ุดุฏ.
[ุงุทูุงุนุงุช ] - 2025-10-05 00:47:07 - ุฎุฑูุฌ Base64 ุจุฑุง 7 ฺฉุงููฺฏ ุฏุฑ ูุงู output_base64_countries/CostaRica.txt ุฐุฎุฑู ุดุฏ.
[ุงุทูุงุนุงุช ] - 2025-10-05 00:47:07 - ุชุนุฏุงุฏ 11 ฺฉุงููฺฏ ุฏุฑ ูุงู output_configs/Croatia.txt ุฐุฎุฑู ุดุฏ.
[ุงุทูุงุนุงุช ] - 2025-10-05 00:47:07 - ุฎุฑูุฌ Base64 ุจุฑุง 11 ฺฉุงููฺฏ ุฏุฑ ูุงู output_base64_countries/Croatia.txt ุฐุฎุฑู ุดุฏ.
[ุงุทูุงุนุงุช ] - 2025-10-05 00:47:07 - ุชุนุฏุงุฏ 16 ฺฉุงููฺฏ ุฏุฑ ูุงู output_configs/Cyprus.txt ุฐุฎุฑู ุดุฏ.
[ุงุทูุงุนุงุช ] - 2025-10-05 00:47:07 - ุฎุฑูุฌ Base64 ุจุฑุง 16 ฺฉุงููฺฏ ุฏุฑ ูุงู output_base64_countries/Cyprus.txt ุฐุฎุฑู ุดุฏ.
[ุงุทูุงุนุงุช ] - 2025-10-05 00:47:07 - ุชุนุฏุงุฏ 14 ฺฉุงููฺฏ ุฏุฑ ูุงู output_configs/Czechia.txt ุฐุฎุฑู ุดุฏ.
[ุงุทูุงุนุงุช ] - 2025-10-05 00:47:07 - ุฎุฑูุฌ Base64 ุจุฑุง 14 ฺฉุงููฺฏ ุฏุฑ ูุงู output_base64_countries/Czechia.txt ุฐุฎุฑู ุดุฏ.
[ุงุทูุงุนุงุช ] - 2025-10-05 00:47:07 - ุชุนุฏุงุฏ 12 ฺฉุงููฺฏ ุฏุฑ ูุงู output_configs/Denmark.txt ุฐุฎุฑู ุดุฏ.
[ุงุทูุงุนุงุช ] - 2025-10-05 00:47:07 - ุฎุฑูุฌ Base64 ุจุฑุง 12 ฺฉุงููฺฏ ุฏุฑ ูุงู output_base64_countries/Denmark.txt ุฐุฎุฑู ุดุฏ.
[ุงุทูุงุนุงุช ] - 2025-10-05 00:47:07 - ุชุนุฏุงุฏ 2 ฺฉุงููฺฏ ุฏุฑ ูุงู output_configs/Dominica.txt ุฐุฎุฑู ุดุฏ.
[ุงุทูุงุนุงุช ] - 2025-10-05 00:47:07 - ุฎุฑูุฌ Base64 ุจุฑุง 2 ฺฉุงููฺฏ ุฏุฑ ูุงู output_base64_countries/Dominica.txt ุฐุฎุฑู ุดุฏ.
[ุงุทูุงุนุงุช ] - 2025-10-05 00:47:07 - ุชุนุฏุงุฏ 167 ฺฉุงููฺฏ ุฏุฑ ูุงู output_configs/DominicanRepublic.txt ุฐุฎุฑู ุดุฏ.
[ุงุทูุงุนุงุช ] - 2025-10-05 00:47:07 - ุฎุฑูุฌ Base64 ุจุฑุง 167 ฺฉุงููฺฏ ุฏุฑ ูุงู output_base64_countries/DominicanRepublic.txt ุฐุฎุฑู ุดุฏ.
[ุงุทูุงุนุงุช ] - 2025-10-05 00:47:07 - ุชุนุฏุงุฏ 63 ฺฉุงููฺฏ ุฏุฑ ูุงู output_configs/Ecuador.txt ุฐุฎุฑู ุดุฏ.
[ุงุทูุงุนุงุช ] - 2025-10-05 00:47:07 - ุฎุฑูุฌ Base64 ุจุฑุง 63 ฺฉุงููฺฏ ุฏุฑ ูุงู output_base64_countries/Ecuador.txt ุฐุฎุฑู ุดุฏ.
[ุงุทูุงุนุงุช ] - 2025-10-05 00:47:07 - ุชุนุฏุงุฏ 7 ฺฉุงููฺฏ ุฏุฑ ูุงู output_configs/Egypt.txt ุฐุฎุฑู ุดุฏ.
[ุงุทูุงุนุงุช ] - 2025-10-05 00:47:07 - ุฎุฑูุฌ Base64 ุจุฑุง 7 ฺฉุงููฺฏ ุฏุฑ ูุงู output_base64_countries/Egypt.txt ุฐุฎุฑู ุดุฏ.
[ุงุทูุงุนุงุช ] - 2025-10-05 00:47:07 - ุชุนุฏุงุฏ 99 ฺฉุงููฺฏ ุฏุฑ ูุงู output_configs/ElSalvador.txt ุฐุฎุฑู ุดุฏ.
[ุงุทูุงุนุงุช ] - 2025-10-05 00:47:07 - ุฎุฑูุฌ Base64 ุจุฑุง 99 ฺฉุงููฺฏ ุฏุฑ ูุงู output_base64_countries/ElSalvador.txt ุฐุฎุฑู ุดุฏ.
[ุงุทูุงุนุงุช ] - 2025-10-05 00:47:07 - ุชุนุฏุงุฏ 447 ฺฉุงููฺฏ ุฏุฑ ูุงู output_configs/Eritrea.txt ุฐุฎุฑู ุดุฏ.
[ุงุทูุงุนุงุช ] - 2025-10-05 00:47:07 - ุฎุฑูุฌ Base64 ุจุฑุง 447 ฺฉุงููฺฏ ุฏุฑ ูุงู output_base64_countries/Eritrea.txt ุฐุฎุฑู ุดุฏ.
[ุงุทูุงุนุงุช ] - 2025-10-05 00:47:07 - ุชุนุฏุงุฏ 243 ฺฉุงููฺฏ ุฏุฑ ูุงู output_configs/Estonia.txt ุฐุฎุฑู ุดุฏ.
[ุงุทูุงุนุงุช ] - 2025-10-05 00:47:07 - ุฎุฑูุฌ Base64 ุจุฑุง 243 ฺฉุงููฺฏ ุฏุฑ ูุงู output_base64_countries/Estonia.txt ุฐุฎุฑู ุดุฏ.
[ุงุทูุงุนุงุช ] - 2025-10-05 00:47:07 - ุชุนุฏุงุฏ 286 ฺฉุงููฺฏ ุฏุฑ ูุงู output_configs/Ethiopia.txt ุฐุฎุฑู ุดุฏ.
[ุงุทูุงุนุงุช ] - 2025-10-05 00:47:07 - ุฎุฑูุฌ Base64 ุจุฑุง 286 ฺฉุงููฺฏ ุฏุฑ ูุงู output_base64_countries/Ethiopia.txt ุฐุฎุฑู ุดุฏ.
[ุงุทูุงุนุงุช ] - 2025-10-05 00:47:07 - ุชุนุฏุงุฏ 364 ฺฉุงููฺฏ ุฏุฑ ูุงู output_configs/Finland.txt ุฐุฎุฑู ุดุฏ.
[ุงุทูุงุนุงุช ] - 2025-10-05 00:47:07 - ุฎุฑูุฌ Base64 ุจุฑุง 364 ฺฉุงููฺฏ ุฏุฑ ูุงู output_base64_countries/Finland.txt ุฐุฎุฑู ุดุฏ.
[ุงุทูุงุนุงุช ] - 2025-10-05 00:47:07 - ุชุนุฏุงุฏ 378 ฺฉุงููฺฏ ุฏุฑ ูุงู output_configs/France.txt ุฐุฎุฑู ุดุฏ.
[ุงุทูุงุนุงุช ] - 2025-10-05 00:47:07 - ุฎุฑูุฌ Base64 ุจุฑุง 378 ฺฉุงููฺฏ ุฏุฑ ูุงู output_base64_countries/France.txt ุฐุฎุฑู ุดุฏ.
[ุงุทูุงุนุงุช ] - 2025-10-05 00:47:07 - ุชุนุฏุงุฏ 4 ฺฉุงููฺฏ ุฏุฑ ูุงู output_configs/Gabon.txt ุฐุฎุฑู ุดุฏ.
[ุงุทูุงุนุงุช ] - 2025-10-05 00:47:07 - ุฎุฑูุฌ Base64 ุจุฑุง 4 ฺฉุงููฺฏ ุฏุฑ ูุงู output_base64_countries/Gabon.txt ุฐุฎุฑู ุดุฏ.
[ุงุทูุงุนุงุช ] - 2025-10-05 00:47:07 - ุชุนุฏุงุฏ 7 ฺฉุงููฺฏ ุฏุฑ ูุงู output_configs/Georgia.txt ุฐุฎุฑู ุดุฏ.
[ุงุทูุงุนุงุช ] - 2025-10-05 00:47:07 - ุฎุฑูุฌ Base64 ุจุฑุง 7 ฺฉุงููฺฏ ุฏุฑ ูุงู output_base64_countries/Georgia.txt ุฐุฎุฑู ุดุฏ.
[ุงุทูุงุนุงุช ] - 2025-10-05 00:47:07 - ุชุนุฏุงุฏ 1198 ฺฉุงููฺฏ ุฏุฑ ูุงู output_configs/Germany.txt ุฐุฎุฑู ุดุฏ.
[ุงุทูุงุนุงุช ] - 2025-10-05 00:47:07 - ุฎุฑูุฌ Base64 ุจุฑุง 1198 ฺฉุงููฺฏ ุฏุฑ ูุงู output_base64_countries/Germany.txt ุฐุฎุฑู ุดุฏ.
[ุงุทูุงุนุงุช ] - 2025-10-05 00:47:07 - ุชุนุฏุงุฏ 110 ฺฉุงููฺฏ ุฏุฑ ูุงู output_configs/Ghana.txt ุฐุฎุฑู ุดุฏ.
[ุงุทูุงุนุงุช ] - 2025-10-05 00:47:07 - ุฎุฑูุฌ Base64 ุจุฑุง 110 ฺฉุงููฺฏ ุฏุฑ ูุงู output_base64_countries/Ghana.txt ุฐุฎุฑู ุดุฏ.
[ุงุทูุงุนุงุช ] - 2025-10-05 00:47:07 - ุชุนุฏุงุฏ 162 ฺฉุงููฺฏ ุฏุฑ ูุงู output_configs/Greece.txt ุฐุฎุฑู ุดุฏ.
[ุงุทูุงุนุงุช ] - 2025-10-05 00:47:07 - ุฎุฑูุฌ Base64 ุจุฑุง 162 ฺฉุงููฺฏ ุฏุฑ ูุงู output_base64_countries/Greece.txt ุฐุฎุฑู ุดุฏ.
[ุงุทูุงุนุงุช ] - 2025-10-05 00:47:07 - ุชุนุฏุงุฏ 1 ฺฉุงููฺฏ ุฏุฑ ูุงู output_configs/GuineaBissau.txt ุฐุฎุฑู ุดุฏ.
[ุงุทูุงุนุงุช ] - 2025-10-05 00:47:07 - ุฎุฑูุฌ Base64 ุจุฑุง 1 ฺฉุงููฺฏ ุฏุฑ ูุงู output_base64_countries/GuineaBissau.txt ุฐุฎุฑู ุดุฏ.
[ุงุทูุงุนุงุช ] - 2025-10-05 00:47:07 - ุชุนุฏุงุฏ 1 ฺฉุงููฺฏ ุฏุฑ ูุงู output_configs/Guyana.txt ุฐุฎุฑู ุดุฏ.
[ุงุทูุงุนุงุช ] - 2025-10-05 00:47:07 - ุฎุฑูุฌ Base64 ุจุฑุง 1 ฺฉุงููฺฏ ุฏุฑ ูุงู output_base64_countries/Guyana.txt ุฐุฎุฑู ุดุฏ.
[ุงุทูุงุนุงุช ] - 2025-10-05 00:47:07 - ุชุนุฏุงุฏ 4 ฺฉุงููฺฏ ุฏุฑ ูุงู output_configs/Hungary.txt ุฐุฎุฑู ุดุฏ.
[ุงุทูุงุนุงุช ] - 2025-10-05 00:47:07 - ุฎุฑูุฌ Base64 ุจุฑุง 4 ฺฉุงููฺฏ ุฏุฑ ูุงู output_base64_countries/Hungary.txt ุฐุฎุฑู ุดุฏ.
[ุงุทูุงุนุงุช ] - 2025-10-05 00:47:07 - ุชุนุฏุงุฏ 17 ฺฉุงููฺฏ ุฏุฑ ูุงู output_configs/Iceland.txt ุฐุฎุฑู ุดุฏ.
[ุงุทูุงุนุงุช ] - 2025-10-05 00:47:07 - ุฎุฑูุฌ Base64 ุจุฑุง 17 ฺฉุงููฺฏ ุฏุฑ ูุงู output_base64_countries/Iceland.txt ุฐุฎุฑู ุดุฏ.
[ุงุทูุงุนุงุช ] - 2025-10-05 00:47:07 - ุชุนุฏุงุฏ 529 ฺฉุงููฺฏ ุฏุฑ ูุงู output_configs/India.txt ุฐุฎุฑู ุดุฏ.
[ุงุทูุงุนุงุช ] - 2025-10-05 00:47:07 - ุฎุฑูุฌ Base64 ุจุฑุง 529 ฺฉุงููฺฏ ุฏุฑ ูุงู output_base64_countries/India.txt ุฐุฎุฑู ุดุฏ.
[ุงุทูุงุนุงุช ] - 2025-10-05 00:47:07 - ุชุนุฏุงุฏ 8 ฺฉุงููฺฏ ุฏุฑ ูุงู output_configs/Indonesia.txt ุฐุฎุฑู ุดุฏ.
[ุงุทูุงุนุงุช ] - 2025-10-05 00:47:07 - ุฎุฑูุฌ Base64 ุจุฑุง 8 ฺฉุงููฺฏ ุฏุฑ ูุงู output_base64_countries/Indonesia.txt ุฐุฎุฑู ุดุฏ.
[ุงุทูุงุนุงุช ] - 2025-10-05 00:47:07 - ุชุนุฏุงุฏ 728 ฺฉุงููฺฏ ุฏุฑ ูุงู output_configs/Iran.txt ุฐุฎุฑู ุดุฏ.
[ุงุทูุงุนุงุช ] - 2025-10-05 00:47:07 - ุฎุฑูุฌ Base64 ุจุฑุง 728 ฺฉุงููฺฏ ุฏุฑ ูุงู output_base64_countries/Iran.txt ุฐุฎุฑู ุดุฏ.
[ุงุทูุงุนุงุช ] - 2025-10-05 00:47:07 - ุชุนุฏุงุฏ 1 ฺฉุงููฺฏ ุฏุฑ ูุงู output_configs/Iraq.txt ุฐุฎุฑู ุดุฏ.
[ุงุทูุงุนุงุช ] - 2025-10-05 00:47:07 - ุฎุฑูุฌ Base64 ุจุฑุง 1 ฺฉุงููฺฏ ุฏุฑ ูุงู output_base64_countries/Iraq.txt ุฐุฎุฑู ุดุฏ.
[ุงุทูุงุนุงุช ] - 2025-10-05 00:47:07 - ุชุนุฏุงุฏ 22 ฺฉุงููฺฏ ุฏุฑ ูุงู output_configs/Ireland.txt ุฐุฎุฑู ุดุฏ.
[ุงุทูุงุนุงุช ] - 2025-10-05 00:47:07 - ุฎุฑูุฌ Base64 ุจุฑุง 22 ฺฉุงููฺฏ ุฏุฑ ูุงู output_base64_countries/Ireland.txt ุฐุฎุฑู ุดุฏ.
[ุงุทูุงุนุงุช ] - 2025-10-05 00:47:07 - ุชุนุฏุงุฏ 123 ฺฉุงููฺฏ ุฏุฑ ูุงู output_configs/Israel.txt ุฐุฎุฑู ุดุฏ.
[ุงุทูุงุนุงุช ] - 2025-10-05 00:47:07 - ุฎุฑูุฌ Base64 ุจุฑุง 123 ฺฉุงููฺฏ ุฏุฑ ูุงู output_base64_countries/Israel.txt ุฐุฎุฑู ุดุฏ.
[ุงุทูุงุนุงุช ] - 2025-10-05 00:47:07 - ุชุนุฏุงุฏ 20 ฺฉุงููฺฏ ุฏุฑ ูุงู output_configs/Italy.txt ุฐุฎุฑู ุดุฏ.
[ุงุทูุงุนุงุช ] - 2025-10-05 00:47:07 - ุฎุฑูุฌ Base64 ุจุฑุง 20 ฺฉุงููฺฏ ุฏุฑ ูุงู output_base64_countries/Italy.txt ุฐุฎุฑู ุดุฏ.
[ุงุทูุงุนุงุช ] - 2025-10-05 00:47:07 - ุชุนุฏุงุฏ 106 ฺฉุงููฺฏ ุฏุฑ ูุงู output_configs/Japan.txt ุฐุฎุฑู ุดุฏ.
[ุงุทูุงุนุงุช ] - 2025-10-05 00:47:07 - ุฎุฑูุฌ Base64 ุจุฑุง 106 ฺฉุงููฺฏ ุฏุฑ ูุงู output_base64_countries/Japan.txt ุฐุฎุฑู ุดุฏ.
[ุงุทูุงุนุงุช ] - 2025-10-05 00:47:07 - ุชุนุฏุงุฏ 2 ฺฉุงููฺฏ ุฏุฑ ูุงู output_configs/Kazakhstan.txt ุฐุฎุฑู ุดุฏ.
[ุงุทูุงุนุงุช ] - 2025-10-05 00:47:07 - ุฎุฑูุฌ Base64 ุจุฑุง 2 ฺฉุงููฺฏ ุฏุฑ ูุงู output_base64_countries/Kazakhstan.txt ุฐุฎุฑู ุดุฏ.
[ุงุทูุงุนุงุช ] - 2025-10-05 00:47:07 - ุชุนุฏุงุฏ 143 ฺฉุงููฺฏ ุฏุฑ ูุงู output_configs/Kenya.txt ุฐุฎุฑู ุดุฏ.
[ุงุทูุงุนุงุช ] - 2025-10-05 00:47:07 - ุฎุฑูุฌ Base64 ุจุฑุง 143 ฺฉุงููฺฏ ุฏุฑ ูุงู output_base64_countries/Kenya.txt ุฐุฎุฑู ุดุฏ.
[ุงุทูุงุนุงุช ] - 2025-10-05 00:47:07 - ุชุนุฏุงุฏ 1 ฺฉุงููฺฏ ุฏุฑ ูุงู output_configs/Kiribati.txt ุฐุฎุฑู ุดุฏ.
[ุงุทูุงุนุงุช ] - 2025-10-05 00:47:07 - ุฎุฑูุฌ Base64 ุจุฑุง 1 ฺฉุงููฺฏ ุฏุฑ ูุงู output_base64_countries/Kiribati.txt ุฐุฎุฑู ุดุฏ.
[ุงุทูุงุนุงุช ] - 2025-10-05 00:47:07 - ุชุนุฏุงุฏ 2 ฺฉุงููฺฏ ุฏุฑ ูุงู output_configs/Kuwait.txt ุฐุฎุฑู ุดุฏ.
[ุงุทูุงุนุงุช ] - 2025-10-05 00:47:07 - ุฎุฑูุฌ Base64 ุจุฑุง 2 ฺฉุงููฺฏ ุฏุฑ ูุงู output_base64_countries/Kuwait.txt ุฐุฎุฑู ุดุฏ.
[ุงุทูุงุนุงุช ] - 2025-10-05 00:47:07 - ุชุนุฏุงุฏ 731 ฺฉุงููฺฏ ุฏุฑ ูุงู output_configs/Laos.txt ุฐุฎุฑู ุดุฏ.
[ุงุทูุงุนุงุช ] - 2025-10-05 00:47:07 - ุฎุฑูุฌ Base64 ุจุฑุง 731 ฺฉุงููฺฏ ุฏุฑ ูุงู output_base64_countries/Laos.txt ุฐุฎุฑู ุดุฏ.
[ุงุทูุงุนุงุช ] - 2025-10-05 00:47:07 - ุชุนุฏุงุฏ 26 ฺฉุงููฺฏ ุฏุฑ ูุงู output_configs/Latvia.txt ุฐุฎุฑู ุดุฏ.
[ุงุทูุงุนุงุช ] - 2025-10-05 00:47:07 - ุฎุฑูุฌ Base64 ุจุฑุง 26 ฺฉุงููฺฏ ุฏุฑ ูุงู output_base64_countries/Latvia.txt ุฐุฎุฑู ุดุฏ.
[ุงุทูุงุนุงุช ] - 2025-10-05 00:47:07 - ุชุนุฏุงุฏ 18 ฺฉุงููฺฏ ุฏุฑ ูุงู output_configs/Lebanon.txt ุฐุฎุฑู ุดุฏ.
[ุงุทูุงุนุงุช ] - 2025-10-05 00:47:07 - ุฎุฑูุฌ Base64 ุจุฑุง 18 ฺฉุงููฺฏ ุฏุฑ ูุงู output_base64_countries/Lebanon.txt ุฐุฎุฑู ุดุฏ.
[ุงุทูุงุนุงุช ] - 2025-10-05 00:47:07 - ุชุนุฏุงุฏ 7 ฺฉุงููฺฏ ุฏุฑ ูุงู output_configs/Lesotho.txt ุฐุฎุฑู ุดุฏ.
[ุงุทูุงุนุงุช ] - 2025-10-05 00:47:07 - ุฎุฑูุฌ Base64 ุจุฑุง 7 ฺฉุงููฺฏ ุฏุฑ ูุงู output_base64_countries/Lesotho.txt ุฐุฎุฑู ุดุฏ.
[ุงุทูุงุนุงุช ] - 2025-10-05 00:47:07 - ุชุนุฏุงุฏ 1 ฺฉุงููฺฏ ุฏุฑ ูุงู output_configs/Liberia.txt ุฐุฎุฑู ุดุฏ.
[ุงุทูุงุนุงุช ] - 2025-10-05 00:47:07 - ุฎุฑูุฌ Base64 ุจุฑุง 1 ฺฉุงููฺฏ ุฏุฑ ูุงู output_base64_countries/Liberia.txt ุฐุฎุฑู ุดุฏ.
[ุงุทูุงุนุงุช ] - 2025-10-05 00:47:07 - ุชุนุฏุงุฏ 6 ฺฉุงููฺฏ ุฏุฑ ูุงู output_configs/Libya.txt ุฐุฎุฑู ุดุฏ.
[ุงุทูุงุนุงุช ] - 2025-10-05 00:47:07 - ุฎุฑูุฌ Base64 ุจุฑุง 6 ฺฉุงููฺฏ ุฏุฑ ูุงู output_base64_countries/Libya.txt ุฐุฎุฑู ุดุฏ.
[ุงุทูุงุนุงุช ] - 2025-10-05 00:47:07 - ุชุนุฏุงุฏ 217 ฺฉุงููฺฏ ุฏุฑ ูุงู output_configs/Liechtenstein.txt ุฐุฎุฑู ุดุฏ.
[ุงุทูุงุนุงุช ] - 2025-10-05 00:47:07 - ุฎุฑูุฌ Base64 ุจุฑุง 217 ฺฉุงููฺฏ ุฏุฑ ูุงู output_base64_countries/Liechtenstein.txt ุฐุฎุฑู ุดุฏ.
[ุงุทูุงุนุงุช ] - 2025-10-05 00:47:07 - ุชุนุฏุงุฏ 61 ฺฉุงููฺฏ ุฏุฑ ูุงู output_configs/Lithuania.txt ุฐุฎุฑู ุดุฏ.
[ุงุทูุงุนุงุช ] - 2025-10-05 00:47:07 - ุฎุฑูุฌ Base64 ุจุฑุง 61 ฺฉุงููฺฏ ุฏุฑ ูุงู output_base64_countries/Lithuania.txt ุฐุฎุฑู ุดุฏ.
[ุงุทูุงุนุงุช ] - 2025-10-05 00:47:07 - ุชุนุฏุงุฏ 6 ฺฉุงููฺฏ ุฏุฑ ูุงู output_configs/Luxembourg.txt ุฐุฎุฑู ุดุฏ.
[ุงุทูุงุนุงุช ] - 2025-10-05 00:47:07 - ุฎุฑูุฌ Base64 ุจุฑุง 6 ฺฉุงููฺฏ ุฏุฑ ูุงู output_base64_countries/Luxembourg.txt ุฐุฎุฑู ุดุฏ.
[ุงุทูุงุนุงุช ] - 2025-10-05 00:47:07 - ุชุนุฏุงุฏ 14 ฺฉุงููฺฏ ุฏุฑ ูุงู output_configs/Malaysia.txt ุฐุฎุฑู ุดุฏ.
[ุงุทูุงุนุงุช ] - 2025-10-05 00:47:07 - ุฎุฑูุฌ Base64 ุจุฑุง 14 ฺฉุงููฺฏ ุฏุฑ ูุงู output_base64_countries/Malaysia.txt ุฐุฎุฑู ุดุฏ.
[ุงุทูุงุนุงุช ] - 2025-10-05 00:47:07 - ุชุนุฏุงุฏ 6 ฺฉุงููฺฏ ุฏุฑ ูุงู output_configs/Maldives.txt ุฐุฎุฑู ุดุฏ.
[ุงุทูุงุนุงุช ] - 2025-10-05 00:47:07 - ุฎุฑูุฌ Base64 ุจุฑุง 6 ฺฉุงููฺฏ ุฏุฑ ูุงู output_base64_countries/Maldives.txt ุฐุฎุฑู ุดุฏ.
[ุงุทูุงุนุงุช ] - 2025-10-05 00:47:07 - ุชุนุฏุงุฏ 8 ฺฉุงููฺฏ ุฏุฑ ูุงู output_configs/Malta.txt ุฐุฎุฑู ุดุฏ.
[ุงุทูุงุนุงุช ] - 2025-10-05 00:47:07 - ุฎุฑูุฌ Base64 ุจุฑุง 8 ฺฉุงููฺฏ ุฏุฑ ูุงู output_base64_countries/Malta.txt ุฐุฎุฑู ุดุฏ.
[ุงุทูุงุนุงุช ] - 2025-10-05 00:47:07 - ุชุนุฏุงุฏ 96 ฺฉุงููฺฏ ุฏุฑ ูุงู output_configs/MarshallIslands.txt ุฐุฎุฑู ุดุฏ.
[ุงุทูุงุนุงุช ] - 2025-10-05 00:47:07 - ุฎุฑูุฌ Base64 ุจุฑุง 96 ฺฉุงููฺฏ ุฏุฑ ูุงู output_base64_countries/MarshallIslands.txt ุฐุฎุฑู ุดุฏ.
[ุงุทูุงุนุงุช ] - 2025-10-05 00:47:07 - ุชุนุฏุงุฏ 48 ฺฉุงููฺฏ ุฏุฑ ูุงู output_configs/Mauritania.txt ุฐุฎุฑู ุดุฏ.
[ุงุทูุงุนุงุช ] - 2025-10-05 00:47:07 - ุฎุฑูุฌ Base64 ุจุฑุง 48 ฺฉุงููฺฏ ุฏุฑ ูุงู output_base64_countries/Mauritania.txt ุฐุฎุฑู ุดุฏ.
[ุงุทูุงุนุงุช ] - 2025-10-05 00:47:07 - ุชุนุฏุงุฏ 4 ฺฉุงููฺฏ ุฏุฑ ูุงู output_configs/Mauritius.txt ุฐุฎุฑู ุดุฏ.
[ุงุทูุงุนุงุช ] - 2025-10-05 00:47:07 - ุฎุฑูุฌ Base64 ุจุฑุง 4 ฺฉุงููฺฏ ุฏุฑ ูุงู output_base64_countries/Mauritius.txt ุฐุฎุฑู ุดุฏ.
[ุงุทูุงุนุงุช ] - 2025-10-05 00:47:07 - ุชุนุฏุงุฏ 2 ฺฉุงููฺฏ ุฏุฑ ูุงู output_configs/Mexico.txt ุฐุฎุฑู ุดุฏ.
[ุงุทูุงุนุงุช ] - 2025-10-05 00:47:07 - ุฎุฑูุฌ Base64 ุจุฑุง 2 ฺฉุงููฺฏ ุฏุฑ ูุงู output_base64_countries/Mexico.txt ุฐุฎุฑู ุดุฏ.
[ุงุทูุงุนุงุช ] - 2025-10-05 00:47:07 - ุชุนุฏุงุฏ 34 ฺฉุงููฺฏ ุฏุฑ ูุงู output_configs/Moldova.txt ุฐุฎุฑู ุดุฏ.
[ุงุทูุงุนุงุช ] - 2025-10-05 00:47:07 - ุฎุฑูุฌ Base64 ุจุฑุง 34 ฺฉุงููฺฏ ุฏุฑ ูุงู output_base64_countries/Moldova.txt ุฐุฎุฑู ุดุฏ.
[ุงุทูุงุนุงุช ] - 2025-10-05 00:47:07 - ุชุนุฏุงุฏ 2 ฺฉุงููฺฏ ุฏุฑ ูุงู output_configs/Monaco.txt ุฐุฎุฑู ุดุฏ.
[ุงุทูุงุนุงุช ] - 2025-10-05 00:47:07 - ุฎุฑูุฌ Base64 ุจุฑุง 2 ฺฉุงููฺฏ ุฏุฑ ูุงู output_base64_countries/Monaco.txt ุฐุฎุฑู ุดุฏ.
[ุงุทูุงุนุงุช ] - 2025-10-05 00:47:07 - ุชุนุฏุงุฏ 113 ฺฉุงููฺฏ ุฏุฑ ูุงู output_configs/Montenegro.txt ุฐุฎุฑู ุดุฏ.
[ุงุทูุงุนุงุช ] - 2025-10-05 00:47:07 - ุฎุฑูุฌ Base64 ุจุฑุง 113 ฺฉุงููฺฏ ุฏุฑ ูุงู output_base64_countries/Montenegro.txt ุฐุฎุฑู ุดุฏ.
[ุงุทูุงุนุงุช ] - 2025-10-05 00:47:07 - ุชุนุฏุงุฏ 1 ฺฉุงููฺฏ ุฏุฑ ูุงู output_configs/Morocco.txt ุฐุฎุฑู ุดุฏ.
[ุงุทูุงุนุงุช ] - 2025-10-05 00:47:07 - ุฎุฑูุฌ Base64 ุจุฑุง 1 ฺฉุงููฺฏ ุฏุฑ ูุงู output_base64_countries/Morocco.txt ุฐุฎุฑู ุดุฏ.
[ุงุทูุงุนุงุช ] - 2025-10-05 00:47:07 - ุชุนุฏุงุฏ 2 ฺฉุงููฺฏ ุฏุฑ ูุงู output_configs/Myanmar.txt ุฐุฎุฑู ุดุฏ.
[ุงุทูุงุนุงุช ] - 2025-10-05 00:47:07 - ุฎุฑูุฌ Base64 ุจุฑุง 2 ฺฉุงููฺฏ ุฏุฑ ูุงู output_base64_countries/Myanmar.txt ุฐุฎุฑู ุดุฏ.
[ุงุทูุงุนุงุช ] - 2025-10-05 00:47:07 - ุชุนุฏุงุฏ 419 ฺฉุงููฺฏ ุฏุฑ ูุงู output_configs/Netherlands.txt ุฐุฎุฑู ุดุฏ.
[ุงุทูุงุนุงุช ] - 2025-10-05 00:47:07 - ุฎุฑูุฌ Base64 ุจุฑุง 419 ฺฉุงููฺฏ ุฏุฑ ูุงู output_base64_countries/Netherlands.txt ุฐุฎุฑู ุดุฏ.
[ุงุทูุงุนุงุช ] - 2025-10-05 00:47:07 - ุชุนุฏุงุฏ 1 ฺฉุงููฺฏ ุฏุฑ ูุงู output_configs/Nicaragua.txt ุฐุฎุฑู ุดุฏ.
[ุงุทูุงุนุงุช ] - 2025-10-05 00:47:07 - ุฎุฑูุฌ Base64 ุจุฑุง 1 ฺฉุงููฺฏ ุฏุฑ ูุงู output_base64_countries/Nicaragua.txt ุฐุฎุฑู ุดุฏ.
[ุงุทูุงุนุงุช ] - 2025-10-05 00:47:07 - ุชุนุฏุงุฏ 360 ฺฉุงููฺฏ ุฏุฑ ูุงู output_configs/Niger.txt ุฐุฎุฑู ุดุฏ.
[ุงุทูุงุนุงุช ] - 2025-10-05 00:47:07 - ุฎุฑูุฌ Base64 ุจุฑุง 360 ฺฉุงููฺฏ ุฏุฑ ูุงู output_base64_countries/Niger.txt ุฐุฎุฑู ุดุฏ.
[ุงุทูุงุนุงุช ] - 2025-10-05 00:47:07 - ุชุนุฏุงุฏ 397 ฺฉุงููฺฏ ุฏุฑ ูุงู output_configs/Nigeria.txt ุฐุฎุฑู ุดุฏ.
[ุงุทูุงุนุงุช ] - 2025-10-05 00:47:07 - ุฎุฑูุฌ Base64 ุจุฑุง 397 ฺฉุงููฺฏ ุฏุฑ ูุงู output_base64_countries/Nigeria.txt ุฐุฎุฑู ุดุฏ.
[ุงุทูุงุนุงุช ] - 2025-10-05 00:47:07 - ุชุนุฏุงุฏ 5 ฺฉุงููฺฏ ุฏุฑ ูุงู output_configs/NorthMacedonia.txt ุฐุฎุฑู ุดุฏ.
[ุงุทูุงุนุงุช ] - 2025-10-05 00:47:07 - ุฎุฑูุฌ Base64 ุจุฑุง 5 ฺฉุงููฺฏ ุฏุฑ ูุงู output_base64_countries/NorthMacedonia.txt ุฐุฎุฑู ุดุฏ.
[ุงุทูุงุนุงุช ] - 2025-10-05 00:47:07 - ุชุนุฏุงุฏ 10 ฺฉุงููฺฏ ุฏุฑ ูุงู output_configs/Norway.txt ุฐุฎุฑู ุดุฏ.
[ุงุทูุงุนุงุช ] - 2025-10-05 00:47:07 - ุฎุฑูุฌ Base64 ุจุฑุง 10 ฺฉุงููฺฏ ุฏุฑ ูุงู output_base64_countries/Norway.txt ุฐุฎุฑู ุดุฏ.
[ุงุทูุงุนุงุช ] - 2025-10-05 00:47:07 - ุชุนุฏุงุฏ 2 ฺฉุงููฺฏ ุฏุฑ ูุงู output_configs/Oman.txt ุฐุฎุฑู ุดุฏ.
[ุงุทูุงุนุงุช ] - 2025-10-05 00:47:07 - ุฎุฑูุฌ Base64 ุจุฑุง 2 ฺฉุงููฺฏ ุฏุฑ ูุงู output_base64_countries/Oman.txt ุฐุฎุฑู ุดุฏ.
[ุงุทูุงุนุงุช ] - 2025-10-05 00:47:07 - ุชุนุฏุงุฏ 2 ฺฉุงููฺฏ ุฏุฑ ูุงู output_configs/Pakistan.txt ุฐุฎุฑู ุดุฏ.
[ุงุทูุงุนุงุช ] - 2025-10-05 00:47:07 - ุฎุฑูุฌ Base64 ุจุฑุง 2 ฺฉุงููฺฏ ุฏุฑ ูุงู output_base64_countries/Pakistan.txt ุฐุฎุฑู ุดุฏ.
[ุงุทูุงุนุงุช ] - 2025-10-05 00:47:07 - ุชุนุฏุงุฏ 2 ฺฉุงููฺฏ ุฏุฑ ูุงู output_configs/Panama.txt ุฐุฎุฑู ุดุฏ.
[ุงุทูุงุนุงุช ] - 2025-10-05 00:47:07 - ุฎุฑูุฌ Base64 ุจุฑุง 2 ฺฉุงููฺฏ ุฏุฑ ูุงู output_base64_countries/Panama.txt ุฐุฎุฑู ุดุฏ.
[ุงุทูุงุนุงุช ] - 2025-10-05 00:47:07 - ุชุนุฏุงุฏ 3 ฺฉุงููฺฏ ุฏุฑ ูุงู output_configs/Paraguay.txt ุฐุฎุฑู ุดุฏ.
[ุงุทูุงุนุงุช ] - 2025-10-05 00:47:07 - ุฎุฑูุฌ Base64 ุจุฑุง 3 ฺฉุงููฺฏ ุฏุฑ ูุงู output_base64_countries/Paraguay.txt ุฐุฎุฑู ุดุฏ.
[ุงุทูุงุนุงุช ] - 2025-10-05 00:47:07 - ุชุนุฏุงุฏ 4 ฺฉุงููฺฏ ุฏุฑ ูุงู output_configs/Peru.txt ุฐุฎุฑู ุดุฏ.
[ุงุทูุงุนุงุช ] - 2025-10-05 00:47:07 - ุฎุฑูุฌ Base64 ุจุฑุง 4 ฺฉุงููฺฏ ุฏุฑ ูุงู output_base64_countries/Peru.txt ุฐุฎุฑู ุดุฏ.
[ุงุทูุงุนุงุช ] - 2025-10-05 00:47:07 - ุชุนุฏุงุฏ 3 ฺฉุงููฺฏ ุฏุฑ ูุงู output_configs/Philippines.txt ุฐุฎุฑู ุดุฏ.
[ุงุทูุงุนุงุช ] - 2025-10-05 00:47:07 - ุฎุฑูุฌ Base64 ุจุฑุง 3 ฺฉุงููฺฏ ุฏุฑ ูุงู output_base64_countries/Philippines.txt ุฐุฎุฑู ุดุฏ.
[ุงุทูุงุนุงุช ] - 2025-10-05 00:47:07 - ุชุนุฏุงุฏ 97 ฺฉุงููฺฏ ุฏุฑ ูุงู output_configs/Poland.txt ุฐุฎุฑู ุดุฏ.
[ุงุทูุงุนุงุช ] - 2025-10-05 00:47:07 - ุฎุฑูุฌ Base64 ุจุฑุง 97 ฺฉุงููฺฏ ุฏุฑ ูุงู output_base64_countries/Poland.txt ุฐุฎุฑู ุดุฏ.
[ุงุทูุงุนุงุช ] - 2025-10-05 00:47:07 - ุชุนุฏุงุฏ 5 ฺฉุงููฺฏ ุฏุฑ ูุงู output_configs/Portugal.txt ุฐุฎุฑู ุดุฏ.
[ุงุทูุงุนุงุช ] - 2025-10-05 00:47:07 - ุฎุฑูุฌ Base64 ุจุฑุง 5 ฺฉุงููฺฏ ุฏุฑ ูุงู output_base64_countries/Portugal.txt ุฐุฎุฑู ุดุฏ.
[ุงุทูุงุนุงุช ] - 2025-10-05 00:47:07 - ุชุนุฏุงุฏ 312 ฺฉุงููฺฏ ุฏุฑ ูุงู output_configs/Romania.txt ุฐุฎุฑู ุดุฏ.
[ุงุทูุงุนุงุช ] - 2025-10-05 00:47:07 - ุฎุฑูุฌ Base64 ุจุฑุง 312 ฺฉุงููฺฏ ุฏุฑ ูุงู output_base64_countries/Romania.txt ุฐุฎุฑู ุดุฏ.
[ุงุทูุงุนุงุช ] - 2025-10-05 00:47:07 - ุชุนุฏุงุฏ 44 ฺฉุงููฺฏ ุฏุฑ ูุงู output_configs/Russia.txt ุฐุฎุฑู ุดุฏ.
[ุงุทูุงุนุงุช ] - 2025-10-05 00:47:07 - ุฎุฑูุฌ Base64 ุจุฑุง 44 ฺฉุงููฺฏ ุฏุฑ ูุงู output_base64_countries/Russia.txt ุฐุฎุฑู ุดุฏ.
[ุงุทูุงุนุงุช ] - 2025-10-05 00:47:07 - ุชุนุฏุงุฏ 44 ฺฉุงููฺฏ ุฏุฑ ูุงู output_configs/SaoTomeAndPrincipe.txt ุฐุฎุฑู ุดุฏ.
[ุงุทูุงุนุงุช ] - 2025-10-05 00:47:07 - ุฎุฑูุฌ Base64 ุจุฑุง 44 ฺฉุงููฺฏ ุฏุฑ ูุงู output_base64_countries/SaoTomeAndPrincipe.txt ุฐุฎุฑู ุดุฏ.
[ุงุทูุงุนุงุช ] - 2025-10-05 00:47:07 - ุชุนุฏุงุฏ 2 ฺฉุงููฺฏ ุฏุฑ ูุงู output_configs/SaudiArabia.txt ุฐุฎุฑู ุดุฏ.
[ุงุทูุงุนุงุช ] - 2025-10-05 00:47:07 - ุฎุฑูุฌ Base64 ุจุฑุง 2 ฺฉุงููฺฏ ุฏุฑ ูุงู output_base64_countries/SaudiArabia.txt ุฐุฎุฑู ุดุฏ.
[ุงุทูุงุนุงุช ] - 2025-10-05 00:47:07 - ุชุนุฏุงุฏ 4 ฺฉุงููฺฏ ุฏุฑ ูุงู output_configs/Serbia.txt ุฐุฎุฑู ุดุฏ.
[ุงุทูุงุนุงุช ] - 2025-10-05 00:47:07 - ุฎุฑูุฌ Base64 ุจุฑุง 4 ฺฉุงููฺฏ ุฏุฑ ูุงู output_base64_countries/Serbia.txt ุฐุฎุฑู ุดุฏ.
[ุงุทูุงุนุงุช ] - 2025-10-05 00:47:07 - ุชุนุฏุงุฏ 9 ฺฉุงููฺฏ ุฏุฑ ูุงู output_configs/Seychelles.txt ุฐุฎุฑู ุดุฏ.
[ุงุทูุงุนุงุช ] - 2025-10-05 00:47:07 - ุฎุฑูุฌ Base64 ุจุฑุง 9 ฺฉุงููฺฏ ุฏุฑ ูุงู output_base64_countries/Seychelles.txt ุฐุฎุฑู ุดุฏ.
[ุงุทูุงุนุงุช ] - 2025-10-05 00:47:07 - ุชุนุฏุงุฏ 151 ฺฉุงููฺฏ ุฏุฑ ูุงู output_configs/Singapore.txt ุฐุฎุฑู ุดุฏ.
[ุงุทูุงุนุงุช ] - 2025-10-05 00:47:07 - ุฎุฑูุฌ Base64 ุจุฑุง 151 ฺฉุงููฺฏ ุฏุฑ ูุงู output_base64_countries/Singapore.txt ุฐุฎุฑู ุดุฏ.
[ุงุทูุงุนุงุช ] - 2025-10-05 00:47:07 - ุชุนุฏุงุฏ 3 ฺฉุงููฺฏ ุฏุฑ ูุงู output_configs/Slovakia.txt ุฐุฎุฑู ุดุฏ.
[ุงุทูุงุนุงุช ] - 2025-10-05 00:47:07 - ุฎุฑูุฌ Base64 ุจุฑุง 3 ฺฉุงููฺฏ ุฏุฑ ูุงู output_base64_countries/Slovakia.txt ุฐุฎุฑู ุดุฏ.
[ุงุทูุงุนุงุช ] - 2025-10-05 00:47:07 - ุชุนุฏุงุฏ 4 ฺฉุงููฺฏ ุฏุฑ ูุงู output_configs/Slovenia.txt ุฐุฎุฑู ุดุฏ.
[ุงุทูุงุนุงุช ] - 2025-10-05 00:47:07 - ุฎุฑูุฌ Base64 ุจุฑุง 4 ฺฉุงููฺฏ ุฏุฑ ูุงู output_base64_countries/Slovenia.txt ุฐุฎุฑู ุดุฏ.
[ุงุทูุงุนุงุช ] - 2025-10-05 00:47:07 - ุชุนุฏุงุฏ 5 ฺฉุงููฺฏ ุฏุฑ ูุงู output_configs/SouthAfrica.txt ุฐุฎุฑู ุดุฏ.
[ุงุทูุงุนุงุช ] - 2025-10-05 00:47:07 - ุฎุฑูุฌ Base64 ุจุฑุง 5 ฺฉุงููฺฏ ุฏุฑ ูุงู output_base64_countries/SouthAfrica.txt ุฐุฎุฑู ุดุฏ.
[ุงุทูุงุนุงุช ] - 2025-10-05 00:47:07 - ุชุนุฏุงุฏ 58 ฺฉุงููฺฏ ุฏุฑ ูุงู output_configs/SouthKorea.txt ุฐุฎุฑู ุดุฏ.
[ุงุทูุงุนุงุช ] - 2025-10-05 00:47:07 - ุฎุฑูุฌ Base64 ุจุฑุง 58 ฺฉุงููฺฏ ุฏุฑ ูุงู output_base64_countries/SouthKorea.txt ุฐุฎุฑู ุดุฏ.
[ุงุทูุงุนุงุช ] - 2025-10-05 00:47:07 - ุชุนุฏุงุฏ 97 ฺฉุงููฺฏ ุฏุฑ ูุงู output_configs/SouthSudan.txt ุฐุฎุฑู ุดุฏ.
[ุงุทูุงุนุงุช ] - 2025-10-05 00:47:07 - ุฎุฑูุฌ Base64 ุจุฑุง 97 ฺฉุงููฺฏ ุฏุฑ ูุงู output_base64_countries/SouthSudan.txt ุฐุฎุฑู ุดุฏ.
[ุงุทูุงุนุงุช ] - 2025-10-05 00:47:07 - ุชุนุฏุงุฏ 13 ฺฉุงููฺฏ ุฏุฑ ูุงู output_configs/Spain.txt ุฐุฎุฑู ุดุฏ.
[ุงุทูุงุนุงุช ] - 2025-10-05 00:47:07 - ุฎุฑูุฌ Base64 ุจุฑุง 13 ฺฉุงููฺฏ ุฏุฑ ูุงู output_base64_countries/Spain.txt ุฐุฎุฑู ุดุฏ.
[ุงุทูุงุนุงุช ] - 2025-10-05 00:47:07 - ุชุนุฏุงุฏ 15 ฺฉุงููฺฏ ุฏุฑ ูุงู output_configs/Sweden.txt ุฐุฎุฑู ุดุฏ.
[ุงุทูุงุนุงุช ] - 2025-10-05 00:47:07 - ุฎุฑูุฌ Base64 ุจุฑุง 15 ฺฉุงููฺฏ ุฏุฑ ูุงู output_base64_countries/Sweden.txt ุฐุฎุฑู ุดุฏ.
[ุงุทูุงุนุงุช ] - 2025-10-05 00:47:07 - ุชุนุฏุงุฏ 15 ฺฉุงููฺฏ ุฏุฑ ูุงู output_configs/Switzerland.txt ุฐุฎุฑู ุดุฏ.
[ุงุทูุงุนุงุช ] - 2025-10-05 00:47:07 - ุฎุฑูุฌ Base64 ุจุฑุง 15 ฺฉุงููฺฏ ุฏุฑ ูุงู output_base64_countries/Switzerland.txt ุฐุฎุฑู ุดุฏ.
[ุงุทูุงุนุงุช ] - 2025-10-05 00:47:07 - ุชุนุฏุงุฏ 34 ฺฉุงููฺฏ ุฏุฑ ูุงู output_configs/Taiwan.txt ุฐุฎุฑู ุดุฏ.
[ุงุทูุงุนุงุช ] - 2025-10-05 00:47:07 - ุฎุฑูุฌ Base64 ุจุฑุง 34 ฺฉุงููฺฏ ุฏุฑ ูุงู output_base64_countries/Taiwan.txt ุฐุฎุฑู ุดุฏ.
[ุงุทูุงุนุงุช ] - 2025-10-05 00:47:07 - ุชุนุฏุงุฏ 2 ฺฉุงููฺฏ ุฏุฑ ูุงู output_configs/Tonga.txt ุฐุฎุฑู ุดุฏ.
[ุงุทูุงุนุงุช ] - 2025-10-05 00:47:07 - ุฎุฑูุฌ Base64 ุจุฑุง 2 ฺฉุงููฺฏ ุฏุฑ ูุงู output_base64_countries/Tonga.txt ุฐุฎุฑู ุดุฏ.
[ุงุทูุงุนุงุช ] - 2025-10-05 00:47:07 - ุชุนุฏุงุฏ 80 ฺฉุงููฺฏ ุฏุฑ ูุงู output_configs/Turkey.txt ุฐุฎุฑู ุดุฏ.
[ุงุทูุงุนุงุช ] - 2025-10-05 00:47:07 - ุฎุฑูุฌ Base64 ุจุฑุง 80 ฺฉุงููฺฏ ุฏุฑ ูุงู output_base64_countries/Turkey.txt ุฐุฎุฑู ุดุฏ.
[ุงุทูุงุนุงุช ] - 2025-10-05 00:47:07 - ุชุนุฏุงุฏ 8 ฺฉุงููฺฏ ุฏุฑ ูุงู output_configs/Ukraine.txt ุฐุฎุฑู ุดุฏ.
[ุงุทูุงุนุงุช ] - 2025-10-05 00:47:07 - ุฎุฑูุฌ Base64 ุจุฑุง 8 ฺฉุงููฺฏ ุฏุฑ ูุงู output_base64_countries/Ukraine.txt ุฐุฎุฑู ุดุฏ.
[ุงุทูุงุนุงุช ] - 2025-10-05 00:47:07 - ุชุนุฏุงุฏ 20 ฺฉุงููฺฏ ุฏุฑ ูุงู output_configs/UAE.txt ุฐุฎุฑู ุดุฏ.
[ุงุทูุงุนุงุช ] - 2025-10-05 00:47:07 - ุฎุฑูุฌ Base64 ุจุฑุง 20 ฺฉุงููฺฏ ุฏุฑ ูุงู output_base64_countries/UAE.txt ุฐุฎุฑู ุดุฏ.
[ุงุทูุงุนุงุช ] - 2025-10-05 00:47:07 - ุชุนุฏุงุฏ 208 ฺฉุงููฺฏ ุฏุฑ ูุงู output_configs/UK.txt ุฐุฎุฑู ุดุฏ.
[ุงุทูุงุนุงุช ] - 2025-10-05 00:47:07 - ุฎุฑูุฌ Base64 ุจุฑุง 208 ฺฉุงููฺฏ ุฏุฑ ูุงู output_base64_countries/UK.txt ุฐุฎุฑู ุดุฏ.
[ุงุทูุงุนุงุช ] - 2025-10-05 00:47:07 - ุชุนุฏุงุฏ 2 ฺฉุงููฺฏ ุฏุฑ ูุงู output_configs/Uzbekistan.txt ุฐุฎุฑู ุดุฏ.
[ุงุทูุงุนุงุช ] - 2025-10-05 00:47:07 - ุฎุฑูุฌ Base64 ุจุฑุง 2 ฺฉุงููฺฏ ุฏุฑ ูุงู output_base64_countries/Uzbekistan.txt ุฐุฎุฑู ุดุฏ.
[ุงุทูุงุนุงุช ] - 2025-10-05 00:47:07 - ุชุนุฏุงุฏ 50 ฺฉุงููฺฏ ุฏุฑ ูุงู output_configs/Vietnam.txt ุฐุฎุฑู ุดุฏ.
[ุงุทูุงุนุงุช ] - 2025-10-05 00:47:07 - ุฎุฑูุฌ Base64 ุจุฑุง 50 ฺฉุงููฺฏ ุฏุฑ ูุงู output_base64_countries/Vietnam.txt ุฐุฎุฑู ุดุฏ.
[ุงุทูุงุนุงุช ] - 2025-10-05 00:47:07 - --- ุชููุฏ ฺฏุฒุงุฑุด ููุง ---
[ุงุทูุงุนุงุช ] - 2025-10-05 00:47:07 - ูุงู README.md ุจุง ููููุช ุชููุฏ ุดุฏ.
[ุงุทูุงุนุงุช ] - 2025-10-05 00:47:07 - ูุงู ููฺฉโูุง ูุฑูุงู ุฏุฑ output_normal_links.txt ุฐุฎุฑู ุดุฏ.
[ุงุทูุงุนุงุช ] - 2025-10-05 00:47:07 - ูุงู ููฺฉโูุง Base64 ุฏุฑ output_base64_links.txt ุฐุฎุฑู ุดุฏ.
[ุงุทูุงุนุงุช ] - 2025-10-05 00:47:07 - ==================================================
[ุงุทูุงุนุงุช ] - 2025-10-05 00:47:07 - ๐ ุชูุงู ูุฑุงุญู ุจุง ููููุช ุงูุฌุงู ุดุฏ. ุจุฑูุงูู ุจู ูพุงุงู ุฑุณุฏ.
[ุงุทูุงุนุงุช ] - 2025-10-05 00:47:07 - ==================================================
